<?xml version="1.0" encoding="UTF-8"?>
<!-- Generated by org.testng.reporters.JUnitReportReporter -->
<testsuite hostname="DESKTOP-RMP52SJ" failures="0" tests="1" name="multiplebrowsers.BrowserTest" time="44.232" errors="0" timestamp="2022-05-22T00:15:56 BDT" skipped="0">
  <testcase classname="multiplebrowsers.BrowserTest" name="test1" time="44.232"/>
  <system-out/>
</testsuite> <!-- multiplebrowsers.BrowserTest -->
