<?xml version="1.0" encoding="UTF-8"?>
<!-- Generated by org.testng.reporters.JUnitReportReporter -->
<testsuite hostname="DESKTOP-RMP52SJ" failures="0" tests="1" name="AutoIT.AutoITScript" time="14.546" errors="0" timestamp="2022-05-22T20:16:38 BDT" skipped="0">
  <testcase classname="AutoIT.AutoITScript" name="test" time="14.546"/>
  <system-out/>
</testsuite> <!-- AutoIT.AutoITScript -->
