<?xml version="1.0" encoding="UTF-8"?>
<!-- Generated by org.testng.reporters.JUnitReportReporter -->
<testsuite hostname="DESKTOP-RMP52SJ" failures="0" tests="1" name="HeadlessBrowser.HeadlessBrowserTest" time="5.968" errors="0" timestamp="2022-05-22T00:34:25 BDT" skipped="0">
  <testcase classname="HeadlessBrowser.HeadlessBrowserTest" name="test1" time="5.968"/>
  <system-out/>
</testsuite> <!-- HeadlessBrowser.HeadlessBrowserTest -->
